
> spirit-os@0.1.0 dev:https:lan
> next dev -H 0.0.0.0 --webpack -p 3000 --experimental-https --experimental-https-key ./certificates/spirit-dev-key.pem --experimental-https-cert ./certificates/spirit-dev.pem

⚠ Self-signed certificates are currently an experimental feature, use with caution.
▲ Next.js 16.2.4 (webpack)
- Local:         https://localhost:3000
- Network:       https://0.0.0.0:3000
- Environments: .env.local
✓ Ready in 415ms

[?25h

> spirit-os@0.1.0 dev:https:lan
> next dev -H 0.0.0.0 --webpack -p 3000 --experimental-https --experimental-https-key ./certificates/spirit-dev-key.pem --experimental-https-cert ./certificates/spirit-dev.pem

⚠ Self-signed certificates are currently an experimental feature, use with caution.
▲ Next.js 16.2.4 (webpack)
- Local:         https://localhost:3000
- Network:       https://0.0.0.0:3000
- Environments: .env.local
✓ Ready in 369ms

 GET / 200 in 2.4s (next.js: 1874ms, application-code: 509ms)
 GET /api/spirit/health 200 in 1612ms (next.js: 1537ms, application-code: 76ms)
 GET /api/telemetry/cluster 200 in 2.5s (next.js: 1560ms, application-code: 942ms)
 GET /api/telemetry/cluster 200 in 2.8s (next.js: 1566ms, application-code: 1205ms)
 GET / 200 in 226ms (next.js: 56ms, application-code: 170ms)
 GET /api/spirit/health 200 in 7ms (next.js: 1414µs, application-code: 5ms)
 GET /api/telemetry/cluster 200 in 483ms (next.js: 3ms, application-code: 480ms)
 GET /api/telemetry/cluster 200 in 733ms (next.js: 1948µs, application-code: 731ms)
